<?xml version="1.0" encoding="UTF-8"?>
<testsuite xmlns:xsi="http://www.w3.org/2001/XMLSchema-instance" xsi:noNamespaceSchemaLocation="https://maven.apache.org/surefire/maven-surefire-plugin/xsd/surefire-test-report-3.0.xsd" version="3.0" name="com.testrunner.TestRunner" time="18.171" tests="2" errors="0" skipped="0" failures="0">
  <properties>
[...]
</properties>
  <testcase name="Ensure user should login with valid credentials" classname="Login functionality of art of testing ecommerce website" time="12.27">
    <system-out><![CDATA[****** Before  Run All Scenarios ******

@Login @Sanity
Scenario: Ensure user should login with valid credentials                        &amp#27;[90m# featurefiles/LoginArtofTesting.feature:9&amp#27;[0m
Before Each Scenario
###### Before Each Step ######
browser opened and we are in ecommerce website
  &amp#27;[32mGiven &amp#27;[0m&amp#27;[32mbrowser should be open and naviagted to art of testing ecommerce website&amp#27;[0m &amp#27;[90m# com.stepdefinations.LoginArtoftestingEcom.browser_should_be_open_and_naviagted_to_art_of_testing_ecommerce_website()&amp#27;[0m
###### After Each Step   ######
###### Before Each Step ######
  &amp#27;[32mWhen &amp#27;[0m&amp#27;[32menter valid username and valid password&amp#27;[0m                                   &amp#27;[90m# com.stepdefinations.LoginArtoftestingEcom.enter_valid_username_and_valid_password()&amp#27;[0m
###### After Each Step   ######
###### Before Each Step ######
  &amp#27;[32mAnd &amp#27;[0m&amp#27;[32mClick on login button&amp#27;[0m                                                      &amp#27;[90m# com.stepdefinations.LoginArtoftestingEcom.click_on_login_button()&amp#27;[0m
###### After Each Step   ######
###### Before Each Step ######
  &amp#27;[32mThen &amp#27;[0m&amp#27;[32mverify login successfull&amp#27;[0m                                                  &amp#27;[90m# com.stepdefinations.LoginArtoftestingEcom.verify_login_successfull()&amp#27;[0m
###### After Each Step   ######
After Each Scenario
]]></system-out>
    <system-err><![CDATA[SLF4J(W): No SLF4J providers were found.
SLF4J(W): Defaulting to no-operation (NOP) logger implementation
SLF4J(W): See https://www.slf4j.org/codes.html#noProviders for further details.
Jun 30, 2025 10:11:55 AM org.openqa.selenium.devtools.CdpVersionFinder findNearestMatch
WARNING: Unable to find CDP implementation matching 137
Jun 30, 2025 10:11:55 AM org.openqa.selenium.chromium.ChromiumDriver lambda$new$5
WARNING: Unable to find version of CDP to use for 137.0.7151.70. You may need to include a dependency on a specific version of the CDP using something similar to `org.seleniumhq.selenium:selenium-devtools-v86:4.16.1` where the version ("v86") matches the version of the chromium-based browser you're using and the version number of the artifact is the same as Selenium's.
]]></system-err>
  </testcase>
  <testcase name="Ensure user should login with invalid credentials" classname="Login functionality of art of testing ecommerce website" time="5.279">
    <system-out><![CDATA[
@Login @Regression @Smoke
Scenario: Ensure user should login with invalid credentials                      &amp#27;[90m# featurefiles/LoginArtofTesting.feature:16&amp#27;[0m
Before Each Scenario
###### Before Each Step ######
browser opened and we are in ecommerce website
  &amp#27;[32mGiven &amp#27;[0m&amp#27;[32mbrowser should be open and naviagted to art of testing ecommerce website&amp#27;[0m &amp#27;[90m# com.stepdefinations.LoginArtoftestingEcom.browser_should_be_open_and_naviagted_to_art_of_testing_ecommerce_website()&amp#27;[0m
###### After Each Step   ######
###### Before Each Step ######
  &amp#27;[32mWhen &amp#27;[0m&amp#27;[32menter valid username and invalid password&amp#27;[0m                                 &amp#27;[90m# com.stepdefinations.LoginArtoftestingEcom.enter_valid_username_and_invalid_password()&amp#27;[0m
###### After Each Step   ######
###### Before Each Step ######
  &amp#27;[32mAnd &amp#27;[0m&amp#27;[32mClick on login button&amp#27;[0m                                                      &amp#27;[90m# com.stepdefinations.LoginArtoftestingEcom.click_on_login_button()&amp#27;[0m
###### After Each Step   ######
###### Before Each Step ######
  &amp#27;[32mThen &amp#27;[0m&amp#27;[32mverify login unsuccessfull&amp#27;[0m                                                &amp#27;[90m# com.stepdefinations.LoginArtoftestingEcom.verify_login_unsuccessfull()&amp#27;[0m
###### After Each Step   ######
After Each Scenario
]]></system-out>
    <system-err><![CDATA[Jun 30, 2025 10:12:06 AM org.openqa.selenium.devtools.CdpVersionFinder findNearestMatch
WARNING: Unable to find CDP implementation matching 137
Jun 30, 2025 10:12:06 AM org.openqa.selenium.chromium.ChromiumDriver lambda$new$5
WARNING: Unable to find version of CDP to use for 137.0.7151.70. You may need to include a dependency on a specific version of the CDP using something similar to `org.seleniumhq.selenium:selenium-devtools-v86:4.16.1` where the version ("v86") matches the version of the chromium-based browser you're using and the version number of the artifact is the same as Selenium's.
]]></system-err>
  </testcase>
</testsuite>